<?xml version="1.0" encoding="UTF-8"?>
<!-- Generated by org.testng.reporters.JUnitReportReporter -->
<testsuite hostname="DESKTOP-6VJTSHH" failures="0" tests="1" name="jay.Test.AppoinmentBookTestCases" time="17.065" errors="0" timestamp="2024-10-02T18:36:24 IST" skipped="0">
  <testcase classname="jay.Test.AppoinmentBookTestCases" name="bookingOne" time="17.065"/>
</testsuite> <!-- jay.Test.AppoinmentBookTestCases -->
