<?xml version="1.0" encoding="UTF-8"?>
<!-- Generated by org.testng.reporters.JUnitReportReporter -->
<testsuite hostname="DESKTOP-6VJTSHH" failures="0" tests="5" name="jay.Test.LoginTestCases" time="52.329" errors="0" timestamp="2024-10-03T13:57:09 IST" skipped="0">
  <testcase classname="jay.Test.LoginTestCases" name="loginFour" time="6.713"/>
  <testcase classname="jay.Test.LoginTestCases" name="loginOne" time="6.734"/>
  <testcase classname="jay.Test.LoginTestCases" name="loginFive" time="15.983"/>
  <testcase classname="jay.Test.LoginTestCases" name="loginThree" time="14.582"/>
  <testcase classname="jay.Test.LoginTestCases" name="loginTwo" time="8.317"/>
</testsuite> <!-- jay.Test.LoginTestCases -->
